<?xml version="1.0" encoding="UTF-8"?>
<!-- Generated by org.testng.reporters.JUnitReportReporter -->
<testsuite hostname="Acer" failures="0" tests="2" name="test.TestGeneral" time="3.535" errors="0" timestamp="2021-10-08T04:33:15 COT" skipped="0">
  <testcase classname="test.TestGeneral" name="verificarCargaFundaciones" time="3.465"/>
  <system-out/>
  <testcase classname="test.TestGeneral" name="verificarConexion" time="0.070"/>
  <system-out/>
</testsuite> <!-- test.TestGeneral -->
