<?xml version="1.0" encoding="UTF-8"?>
<!-- Generated by org.testng.reporters.JUnitReportReporter -->
<testsuite hostname="Acer" failures="0" tests="2" name="test.TestGeneral" time="2.448" errors="0" timestamp="2021-09-30T16:10:42 COT" skipped="0">
  <testcase classname="test.TestGeneral" name="verificarConexion" time="0.079"/>
  <system-out/>
  <testcase classname="test.TestGeneral" name="verificarCargaFundaciones" time="2.369"/>
  <system-out/>
</testsuite> <!-- test.TestGeneral -->
