<?xml version="1.0" encoding="UTF-8"?>
<!-- Generated by org.testng.reporters.JUnitReportReporter -->
<testsuite hostname="DESKTOP-A8JI6UM" failures="0" tests="2" name="test.TestGeneral" time="0.527" errors="0" timestamp="2021-09-26T09:31:04 COT" skipped="0">
  <testcase classname="test.TestGeneral" name="verificarCargaFundaciones" time="0.491"/>
  <system-out/>
  <testcase classname="test.TestGeneral" name="verificarConexion" time="0.036"/>
  <system-out/>
</testsuite> <!-- test.TestGeneral -->
