<?xml version="1.0" encoding="UTF-8"?>
<!-- Generated by org.testng.reporters.JUnitReportReporter -->
<<<<<<< HEAD
<testsuite hostname="Acer" failures="0" tests="2" name="test.TestGeneral" time="3.535" errors="0" timestamp="2021-10-08T04:33:15 COT" skipped="0">
  <testcase classname="test.TestGeneral" name="verificarCargaFundaciones" time="3.465"/>
  <system-out/>
  <testcase classname="test.TestGeneral" name="verificarConexion" time="0.070"/>
=======
<testsuite hostname="DESKTOP-14F127T" failures="0" tests="2" name="test.TestGeneral" time="0.626" errors="0" timestamp="2021-10-03T09:26:28 COT" skipped="0">
  <testcase classname="test.TestGeneral" name="verificarCargaFundaciones" time="0.005"/>
  <system-out/>
  <testcase classname="test.TestGeneral" name="verificarConexion" time="0.621"/>
>>>>>>> main
  <system-out/>
</testsuite> <!-- test.TestGeneral -->
